<?xml version="1.0" encoding="UTF-8"?>
<!-- Generated by org.testng.reporters.JUnitReportReporter -->
<testsuite hostname="DESKTOP-PBR6PNP" failures="0" tests="1" name="Test.One" time="9.097" errors="0" timestamp="2024-06-09T22:34:00 IST" skipped="0">
  <testcase classname="Test.One" name="testone" time="9.097"/>
</testsuite> <!-- Test.One -->
