<?xml version="1.0" encoding="UTF-8"?>
<!-- Generated by org.testng.reporters.JUnitReportReporter -->
<testsuite hostname="DESKTOP-PBR6PNP" failures="0" tests="1" name="Test.Three" time="6.812" errors="0" timestamp="2024-06-09T22:34:00 IST" skipped="0">
  <testcase classname="Test.Three" name="test" time="6.812"/>
</testsuite> <!-- Test.Three -->
